<?xml version="1.0" encoding="UTF-8"?>
<!-- Generated by org.testng.reporters.JUnitReportReporter -->
<testsuite skipped="0" hostname="Dell-7010" name="testcases.T2_logpageValidation" tests="1" failures="0" timestamp="2020-10-28T21:37:58 EDT" time="7.795" errors="0">
  <testcase name="homepage" time="7.795" classname="testcases.T2_logpageValidation"/>
  <system-out/>
</testsuite> <!-- testcases.T2_logpageValidation -->
