<?xml version="1.0" encoding="UTF-8"?>
<!-- Generated by org.testng.reporters.JUnitReportReporter -->
<testsuite skipped="0" hostname="Dell-7010" name="testcases.T1_homepageValidation" tests="1" failures="0" timestamp="2020-10-28T21:28:10 EDT" time="6.935" errors="0">
  <testcase name="homepage" time="6.935" classname="testcases.T1_homepageValidation"/>
  <system-out/>
</testsuite> <!-- testcases.T1_homepageValidation -->
